=== MPI并行求和任务 ===
作业ID: 42
节点列表: compute[1-2]
节点数量: 2
任务数量: 4
开始时间: Thu Oct  2 04:31:46 AM UTC 2025

=== 编译MPI并行求和程序 ===
编译成功！

=== 运行MPI并行求和程序 (使用mpirun) ===
使用 4 个进程在 2 个节点上运行

=== 创建主机文件 ===
compute1
compute2

--- 开始MPI并行求和计算 ---
=== MPI并行求和任务 ===
进程 1/4 在节点 compute1 上运行
进程数量: 4
数组大小: 1000000
迭代次数: 1000
开始时间: Thu Oct  2 04:31:46 2025
进程 1: 负责元素 250000 到 499999 (共250000个元素)
进程 3/4 在节点 compute2 上运行
进程 2/4 在节点 compute2 上运行
进程 3: 负责元素 750000 到 999999 (共250000个元素)
进程 2: 负责元素 500000 到 749999 (共250000个元素)
进程 0/4 在节点 compute1 上运行
进程 0: 负责元素 0 到 249999 (共250000个元素)
进程 2: 本地数组初始化完成
进程 3: 本地数组初始化完成
进程 0: 本地数组初始化完成
进程 1: 本地数组初始化完成
迭代 100: 全局和 = 0.010101
迭代 200: 全局和 = 0.005025
迭代 300: 全局和 = 0.003344
迭代 400: 全局和 = 0.002506
迭代 500: 全局和 = 0.002004
迭代 600: 全局和 = 0.001669
迭代 700: 全局和 = 0.001431
迭代 800: 全局和 = 0.001252
迭代 900: 全局和 = 0.001112
迭代 1000: 全局和 = 0.001001

=== 计算完成 ===
总计算时间: 0.619 秒
最终全局和: 0.001000
平均每次迭代时间: 0.000619 秒
结束时间: Thu Oct  2 04:31:47 2025

=== MPI并行求和任务完成 ===
结束时间: Thu Oct  2 04:31:47 AM UTC 2025
