=== MPI并行求和任务 (大规模) ===
作业ID: 43
节点列表: compute[1-2]
节点数量: 2
任务数量: 4
开始时间: Thu Oct  2 04:33:51 AM UTC 2025

=== 编译MPI并行求和程序 (大规模) ===
编译成功！

=== 运行MPI并行求和程序 (大规模) ===
使用 4 个进程在 2 个节点上运行
数组大小: 10,000,000 元素
迭代次数: 10,000 次

=== 创建主机文件 ===
compute1
compute2

--- 开始MPI并行求和计算 (大规模) ---
=== MPI并行求和任务 (大规模) ===
进程 1/4 在节点 compute1 上运行
进程数量: 4
数组大小: 10000000
迭代次数: 10000
开始时间: Thu Oct  2 04:33:51 2025
进程 0/4 在节点 compute1 上运行
进程 0: 负责元素 0 到 2499999 (共2500000个元素)
进程 2/4 在节点 compute2 上运行
进程 2: 负责元素 5000000 到 7499999 (共2500000个元素)
进程 3/4 在节点 compute2 上运行
进程 3: 负责元素 7500000 到 9999999 (共2500000个元素)
进程 1: 负责元素 2500000 到 4999999 (共2500000个元素)
进程 2: 本地数组初始化完成
进程 3: 本地数组初始化完成
进程 1: 本地数组初始化完成
进程 0: 本地数组初始化完成
迭代 1000: 全局和 = 0.001001
迭代 2000: 全局和 = 0.000500
迭代 3000: 全局和 = 0.000333
迭代 4000: 全局和 = 0.000250
迭代 5000: 全局和 = 0.000200
迭代 6000: 全局和 = 0.000167
迭代 7000: 全局和 = 0.000143
迭代 8000: 全局和 = 0.000125
迭代 9000: 全局和 = 0.000111
迭代 10000: 全局和 = 0.000100

=== 计算完成 ===
总计算时间: 91.115 秒
最终全局和: 0.000100
平均每次迭代时间: 0.009111 秒
结束时间: Thu Oct  2 04:35:23 2025

=== MPI并行求和任务完成 (大规模) ===
结束时间: Thu Oct  2 04:35:23 AM UTC 2025
